#
# There is insufficient memory for the Java Runtime Environment to continue.
# Native memory allocation (malloc) failed to allocate 1227536 bytes for Chunk::new
# Possible reasons:
#   The system is out of physical RAM or swap space
#   The process is running with CompressedOops enabled, and the Java Heap may be blocking the growth of the native heap
# Possible solutions:
#   Reduce memory load on the system
#   Increase physical memory or swap space
#   Check if swap backing store is full
#   Decrease Java heap size (-Xmx/-Xms)
#   Decrease number of Java threads
#   Decrease Java thread stack sizes (-Xss)
#   Set larger code cache with -XX:ReservedCodeCacheSize=
#   JVM is running with Unscaled Compressed Oops mode in which the Java heap is
#     placed in the first 4GB address space. The Java Heap base address is the
#     maximum limit for the native heap growth. Please use -XX:HeapBaseMinAddress
#     to set the Java Heap base and to place the Java Heap above 4GB virtual address.
# This output file may be truncated or incomplete.
#
#  Out of Memory Error (allocation.cpp:389), pid=12952, tid=0x00000000000008d4
#
# JRE version: Java(TM) SE Runtime Environment (8.0_202-b08) (build 1.8.0_202-b08)
# Java VM: Java HotSpot(TM) 64-Bit Server VM (25.202-b08 mixed mode windows-amd64 compressed oops)
# Failed to write core dump. Minidumps are not enabled by default on client versions of Windows
#

---------------  T H R E A D  ---------------

Current thread (0x000000001766d000):  JavaThread "C2 CompilerThread0" daemon [_thread_in_native, id=2260, stack(0x00000000193a0000,0x00000000194a0000)]

Stack: [0x00000000193a0000,0x00000000194a0000]
[error occurred during error reporting (printing stack bounds), id 0xc0000005]

Native frames: (J=compiled Java code, j=interpreted, Vv=VM code, C=native code)


Current CompileTask:
C2:   9347 4756       4       org.springframework.core.annotation.AnnotationsScanner::process (43 bytes)


---------------  P R O C E S S  ---------------

Java Threads: ( => current thread )
  0x000000001dd04800 JavaThread "HikariPool-1 connection adder" daemon [_thread_blocked, id=6748, stack(0x0000000021ea0000,0x0000000021fa0000)]
  0x000000001dd02800 JavaThread "HikariPool-1 housekeeper" daemon [_thread_blocked, id=5468, stack(0x00000000206b0000,0x00000000207b0000)]
  0x000000001a019000 JavaThread "container-0" [_thread_blocked, id=13868, stack(0x000000001f000000,0x000000001f100000)]
  0x000000001ca18800 JavaThread "Catalina-utility-2" [_thread_blocked, id=14852, stack(0x000000001ef00000,0x000000001f000000)]
  0x0000000019da2800 JavaThread "Catalina-utility-1" [_thread_blocked, id=15184, stack(0x000000001ebc0000,0x000000001ecc0000)]
  0x000000001c4c7000 JavaThread "mysql-cj-abandoned-connection-cleanup" daemon [_thread_blocked, id=8936, stack(0x000000001b920000,0x000000001ba20000)]
  0x000000001905b000 JavaThread "Service Thread" daemon [_thread_blocked, id=14888, stack(0x00000000196a0000,0x00000000197a0000)]
  0x0000000017670800 JavaThread "C1 CompilerThread2" daemon [_thread_blocked, id=6544, stack(0x00000000195a0000,0x00000000196a0000)]
  0x000000001766f800 JavaThread "C2 CompilerThread1" daemon [_thread_in_native, id=13760, stack(0x00000000194a0000,0x00000000195a0000)]
=>0x000000001766d000 JavaThread "C2 CompilerThread0" daemon [_thread_in_native, id=2260, stack(0x00000000193a0000,0x00000000194a0000)]
  0x000000001765c000 JavaThread "JDWP Command Reader" daemon [_thread_in_native, id=13536, stack(0x0000000018ea0000,0x0000000018fa0000)]
  0x0000000017658800 JavaThread "JDWP Event Helper Thread" daemon [_thread_blocked, id=13652, stack(0x0000000018da0000,0x0000000018ea0000)]
  0x0000000017649800 JavaThread "JDWP Transport Listener: dt_socket" daemon [_thread_blocked, id=11820, stack(0x0000000018ca0000,0x0000000018da0000)]
  0x000000001763f000 JavaThread "Attach Listener" daemon [_thread_blocked, id=13132, stack(0x0000000018ba0000,0x0000000018ca0000)]
  0x000000001763e000 JavaThread "Signal Dispatcher" daemon [_thread_blocked, id=6660, stack(0x0000000018aa0000,0x0000000018ba0000)]
  0x00000000028de000 JavaThread "Finalizer" daemon [_thread_blocked, id=13288, stack(0x0000000018880000,0x0000000018980000)]
  0x000000001761a000 JavaThread "Reference Handler" daemon [_thread_blocked, id=15060, stack(0x0000000018780000,0x0000000018880000)]
  0x000000000269d800 JavaThread "main" [_thread_in_Java, id=14584, stack(0x00000000026c0000,0x00000000027c0000)]

Other Threads:
  0x00000000175f7000 VMThread [stack: 0x0000000018680000,0x0000000018780000] [id=8840]
  0x000000001905f000 WatcherThread [stack: 0x00000000197a0000,0x00000000198a0000] [id=4868]

VM state:not at safepoint (normal execution)

VM Mutex/Monitor currently owned by a thread: None

heap address: 0x0000000081200000, size: 2030 MB, Compressed Oops mode: 32-bit
Narrow klass base: 0x0000000000000000, Narrow klass shift: 3
Compressed class space size: 1073741824 Address: 0x0000000100000000

Heap:
 PSYoungGen      total 176640K, used 12952K [0x00000000d5b80000, 0x00000000e4600000, 0x0000000100000000)
  eden space 159744K, 8% used [0x00000000d5b80000,0x00000000d6826038,0x00000000df780000)
  from space 16896K, 0% used [0x00000000df780000,0x00000000df780000,0x00000000e0800000)
  to   space 17408K, 0% used [0x00000000e3500000,0x00000000e3500000,0x00000000e4600000)
 ParOldGen       total 125440K, used 23976K [0x0000000081200000, 0x0000000088c80000, 0x00000000d5b80000)
  object space 125440K, 19% used [0x0000000081200000,0x000000008296a290,0x0000000088c80000)
 Metaspace       used 56355K, capacity 59794K, committed 59992K, reserved 1101824K
  class space    used 7581K, capacity 8160K, committed 8280K, reserved 1048576K

Card table byte_map: [0x0000000011e70000,0x0000000012270000] byte_map_base: 0x0000000011a67000

Marking Bits: (ParMarkBitMap*) 0x0000000050f05ce0
 Begin Bits: [0x0000000012920000, 0x00000000148d8000)
 End Bits:   [0x00000000148d8000, 0x0000000016890000)

Polling page: 0x0000000002680000

CodeCache: size=245760Kb used=16299Kb max_used=16299Kb free=229460Kb
 bounds [0x0000000002ab0000, 0x0000000003ab0000, 0x0000000011ab0000]
 total_blobs=4824 nmethods=4287 adapters=458
 compilation: enabled

Compilation events (10 events):
Event: 9.312 Thread 0x0000000017670800 4859       3       org.springframework.data.util.Lazy::<init> (20 bytes)
Event: 9.312 Thread 0x0000000017670800 nmethod 4859 0x0000000003a948d0 code [0x0000000003a94a20, 0x0000000003a94c10]
Event: 9.315 Thread 0x0000000017670800 4860       3       java.util.stream.AbstractPipeline::spliterator (116 bytes)
Event: 9.316 Thread 0x0000000017670800 nmethod 4860 0x0000000003a94cd0 code [0x0000000003a94ee0, 0x0000000003a95978]
Event: 9.316 Thread 0x0000000017670800 4861       3       java.util.stream.MatchOps$1MatchSink::accept (44 bytes)
Event: 9.316 Thread 0x0000000017670800 nmethod 4861 0x0000000003a95e50 code [0x0000000003a95fc0, 0x0000000003a962a8]
Event: 9.316 Thread 0x0000000017670800 4862       3       java.util.Arrays::stream (8 bytes)
Event: 9.316 Thread 0x0000000017670800 nmethod 4862 0x0000000003a96390 code [0x0000000003a96580, 0x0000000003a96cc8]
Event: 9.325 Thread 0x0000000017670800 4863       3       sun.misc.ProxyGenerator::generateStaticInitializer (457 bytes)
Event: 9.330 Thread 0x0000000017670800 nmethod 4863 0x0000000003a97350 code [0x0000000003a97ee0, 0x0000000003aa00c8]

GC Heap History (10 events):
Event: 5.120 GC heap before
{Heap before GC invocations=12 (full 2):
 PSYoungGen      total 140800K, used 9654K [0x00000000d5b80000, 0x00000000dfb80000, 0x0000000100000000)
  eden space 128512K, 0% used [0x00000000d5b80000,0x00000000d5b80000,0x00000000dd900000)
  from space 12288K, 78% used [0x00000000de600000,0x00000000def6d9b0,0x00000000df200000)
  to   space 13312K, 0% used [0x00000000dd900000,0x00000000dd900000,0x00000000de600000)
 ParOldGen       total 57856K, used 7677K [0x0000000081200000, 0x0000000084a80000, 0x00000000d5b80000)
  object space 57856K, 13% used [0x0000000081200000,0x000000008197f530,0x0000000084a80000)
 Metaspace       used 33117K, capacity 35316K, committed 35416K, reserved 1079296K
  class space    used 4219K, capacity 4636K, committed 4696K, reserved 1048576K
Event: 5.209 GC heap after
Heap after GC invocations=12 (full 2):
 PSYoungGen      total 140800K, used 0K [0x00000000d5b80000, 0x00000000dfb80000, 0x0000000100000000)
  eden space 128512K, 0% used [0x00000000d5b80000,0x00000000d5b80000,0x00000000dd900000)
  from space 12288K, 0% used [0x00000000de600000,0x00000000de600000,0x00000000df200000)
  to   space 13312K, 0% used [0x00000000dd900000,0x00000000dd900000,0x00000000de600000)
 ParOldGen       total 88576K, used 13821K [0x0000000081200000, 0x0000000086880000, 0x00000000d5b80000)
  object space 88576K, 15% used [0x0000000081200000,0x0000000081f7f690,0x0000000086880000)
 Metaspace       used 33117K, capacity 35316K, committed 35416K, reserved 1079296K
  class space    used 4219K, capacity 4636K, committed 4696K, reserved 1048576K
}
Event: 6.843 GC heap before
{Heap before GC invocations=13 (full 2):
 PSYoungGen      total 140800K, used 128512K [0x00000000d5b80000, 0x00000000dfb80000, 0x0000000100000000)
  eden space 128512K, 100% used [0x00000000d5b80000,0x00000000dd900000,0x00000000dd900000)
  from space 12288K, 0% used [0x00000000de600000,0x00000000de600000,0x00000000df200000)
  to   space 13312K, 0% used [0x00000000dd900000,0x00000000dd900000,0x00000000de600000)
 ParOldGen       total 88576K, used 13821K [0x0000000081200000, 0x0000000086880000, 0x00000000d5b80000)
  object space 88576K, 15% used [0x0000000081200000,0x0000000081f7f690,0x0000000086880000)
 Metaspace       used 42572K, capacity 45268K, committed 45656K, reserved 1089536K
  class space    used 5631K, capacity 6143K, committed 6232K, reserved 1048576K
Event: 6.851 GC heap after
Heap after GC invocations=13 (full 2):
 PSYoungGen      total 141824K, used 10239K [0x00000000d5b80000, 0x00000000e1580000, 0x0000000100000000)
  eden space 128512K, 0% used [0x00000000d5b80000,0x00000000d5b80000,0x00000000dd900000)
  from space 13312K, 76% used [0x00000000dd900000,0x00000000de2ffca8,0x00000000de600000)
  to   space 13824K, 0% used [0x00000000e0800000,0x00000000e0800000,0x00000000e1580000)
 ParOldGen       total 88576K, used 13829K [0x0000000081200000, 0x0000000086880000, 0x00000000d5b80000)
  object space 88576K, 15% used [0x0000000081200000,0x0000000081f81690,0x0000000086880000)
 Metaspace       used 42572K, capacity 45268K, committed 45656K, reserved 1089536K
  class space    used 5631K, capacity 6143K, committed 6232K, reserved 1048576K
}
Event: 8.570 GC heap before
{Heap before GC invocations=14 (full 2):
 PSYoungGen      total 141824K, used 138751K [0x00000000d5b80000, 0x00000000e1580000, 0x0000000100000000)
  eden space 128512K, 100% used [0x00000000d5b80000,0x00000000dd900000,0x00000000dd900000)
  from space 13312K, 76% used [0x00000000dd900000,0x00000000de2ffca8,0x00000000de600000)
  to   space 13824K, 0% used [0x00000000e0800000,0x00000000e0800000,0x00000000e1580000)
 ParOldGen       total 88576K, used 13829K [0x0000000081200000, 0x0000000086880000, 0x00000000d5b80000)
  object space 88576K, 15% used [0x0000000081200000,0x0000000081f81690,0x0000000086880000)
 Metaspace       used 52949K, capacity 55898K, committed 56024K, reserved 1097728K
  class space    used 7100K, capacity 7618K, committed 7640K, reserved 1048576K
Event: 8.583 GC heap after
Heap after GC invocations=14 (full 2):
 PSYoungGen      total 173568K, used 13807K [0x00000000d5b80000, 0x00000000e1880000, 0x0000000100000000)
  eden space 159744K, 0% used [0x00000000d5b80000,0x00000000d5b80000,0x00000000df780000)
  from space 13824K, 99% used [0x00000000e0800000,0x00000000e157bff0,0x00000000e1580000)
  to   space 16896K, 0% used [0x00000000df780000,0x00000000df780000,0x00000000e0800000)
 ParOldGen       total 88576K, used 16203K [0x0000000081200000, 0x0000000086880000, 0x00000000d5b80000)
  object space 88576K, 18% used [0x0000000081200000,0x00000000821d2f88,0x0000000086880000)
 Metaspace       used 52949K, capacity 55898K, committed 56024K, reserved 1097728K
  class space    used 7100K, capacity 7618K, committed 7640K, reserved 1048576K
}
Event: 9.047 GC heap before
{Heap before GC invocations=15 (full 2):
 PSYoungGen      total 173568K, used 57160K [0x00000000d5b80000, 0x00000000e1880000, 0x0000000100000000)
  eden space 159744K, 27% used [0x00000000d5b80000,0x00000000d85d6100,0x00000000df780000)
  from space 13824K, 99% used [0x00000000e0800000,0x00000000e157bff0,0x00000000e1580000)
  to   space 16896K, 0% used [0x00000000df780000,0x00000000df780000,0x00000000e0800000)
 ParOldGen       total 88576K, used 16203K [0x0000000081200000, 0x0000000086880000, 0x00000000d5b80000)
  object space 88576K, 18% used [0x0000000081200000,0x00000000821d2f88,0x0000000086880000)
 Metaspace       used 55872K, capacity 58944K, committed 58968K, reserved 1099776K
  class space    used 7460K, capacity 8015K, committed 8024K, reserved 1048576K
Event: 9.062 GC heap after
Heap after GC invocations=15 (full 2):
 PSYoungGen      total 176640K, used 11593K [0x00000000d5b80000, 0x00000000e4600000, 0x0000000100000000)
  eden space 159744K, 0% used [0x00000000d5b80000,0x00000000d5b80000,0x00000000df780000)
  from space 16896K, 68% used [0x00000000df780000,0x00000000e02d2668,0x00000000e0800000)
  to   space 17408K, 0% used [0x00000000e3500000,0x00000000e3500000,0x00000000e4600000)
 ParOldGen       total 88576K, used 16211K [0x0000000081200000, 0x0000000086880000, 0x00000000d5b80000)
  object space 88576K, 18% used [0x0000000081200000,0x00000000821d4f88,0x0000000086880000)
 Metaspace       used 55872K, capacity 58944K, committed 58968K, reserved 1099776K
  class space    used 7460K, capacity 8015K, committed 8024K, reserved 1048576K
}
Event: 9.062 GC heap before
{Heap before GC invocations=16 (full 3):
 PSYoungGen      total 176640K, used 11593K [0x00000000d5b80000, 0x00000000e4600000, 0x0000000100000000)
  eden space 159744K, 0% used [0x00000000d5b80000,0x00000000d5b80000,0x00000000df780000)
  from space 16896K, 68% used [0x00000000df780000,0x00000000e02d2668,0x00000000e0800000)
  to   space 17408K, 0% used [0x00000000e3500000,0x00000000e3500000,0x00000000e4600000)
 ParOldGen       total 88576K, used 16211K [0x0000000081200000, 0x0000000086880000, 0x00000000d5b80000)
  object space 88576K, 18% used [0x0000000081200000,0x00000000821d4f88,0x0000000086880000)
 Metaspace       used 55872K, capacity 58944K, committed 58968K, reserved 1099776K
  class space    used 7460K, capacity 8015K, committed 8024K, reserved 1048576K
Event: 9.209 GC heap after
Heap after GC invocations=16 (full 3):
 PSYoungGen      total 176640K, used 0K [0x00000000d5b80000, 0x00000000e4600000, 0x0000000100000000)
  eden space 159744K, 0% used [0x00000000d5b80000,0x00000000d5b80000,0x00000000df780000)
  from space 16896K, 0% used [0x00000000df780000,0x00000000df780000,0x00000000e0800000)
  to   space 17408K, 0% used [0x00000000e3500000,0x00000000e3500000,0x00000000e4600000)
 ParOldGen       total 125440K, used 23976K [0x0000000081200000, 0x0000000088c80000, 0x00000000d5b80000)
  object space 125440K, 19% used [0x0000000081200000,0x000000008296a290,0x0000000088c80000)
 Metaspace       used 55872K, capacity 58944K, committed 58968K, reserved 1099776K
  class space    used 7460K, capacity 8015K, committed 8024K, reserved 1048576K
}

Deoptimization events (10 events):
Event: 8.500 Thread 0x000000000269d800 Uncommon trap: reason=class_check action=maybe_recompile pc=0x000000000311dba8 method=java.util.regex.Pattern$SliceI.match(Ljava/util/regex/Matcher;ILjava/lang/CharSequence;)Z @ 92
Event: 8.507 Thread 0x000000000269d800 Uncommon trap: reason=class_check action=maybe_recompile pc=0x000000000311dba8 method=java.util.regex.Pattern$SliceI.match(Ljava/util/regex/Matcher;ILjava/lang/CharSequence;)Z @ 92
Event: 8.766 Thread 0x000000000269d800 Uncommon trap: reason=unstable_if action=reinterpret pc=0x00000000038f3bf4 method=org.springframework.core.annotation.TypeMappedAnnotations.scan(Ljava/lang/Object;Lorg/springframework/core/annotation/AnnotationsProcessor;)Ljava/lang/Object; @ 4
Event: 8.767 Thread 0x000000000269d800 Uncommon trap: reason=class_check action=maybe_recompile pc=0x00000000036a8740 method=org.springframework.beans.factory.support.AbstractBeanFactory.isTypeMatch(Ljava/lang/String;Lorg/springframework/core/ResolvableType;Z)Z @ 53
Event: 8.777 Thread 0x000000000269d800 Uncommon trap: reason=class_check action=maybe_recompile pc=0x00000000036a8740 method=org.springframework.beans.factory.support.AbstractBeanFactory.isTypeMatch(Ljava/lang/String;Lorg/springframework/core/ResolvableType;Z)Z @ 53
Event: 8.822 Thread 0x000000000269d800 Uncommon trap: reason=class_check action=maybe_recompile pc=0x00000000036a8740 method=org.springframework.beans.factory.support.AbstractBeanFactory.isTypeMatch(Ljava/lang/String;Lorg/springframework/core/ResolvableType;Z)Z @ 53
Event: 8.823 Thread 0x000000000269d800 Uncommon trap: reason=class_check action=maybe_recompile pc=0x00000000036a8740 method=org.springframework.beans.factory.support.AbstractBeanFactory.isTypeMatch(Ljava/lang/String;Lorg/springframework/core/ResolvableType;Z)Z @ 53
Event: 8.865 Thread 0x000000000269d800 Uncommon trap: reason=unstable_if action=reinterpret pc=0x000000000364c218 method=java.util.concurrent.ConcurrentHashMap.putVal(Ljava/lang/Object;Ljava/lang/Object;Z)Ljava/lang/Object; @ 331
Event: 9.240 Thread 0x000000000269d800 Uncommon trap: reason=unstable_if action=reinterpret pc=0x00000000035c2730 method=org.springframework.util.ConcurrentReferenceHashMap$Segment.restructureIfNecessary(Z)V @ 41
Event: 9.242 Thread 0x000000000269d800 Uncommon trap: reason=unstable_if action=reinterpret pc=0x0000000002f238a4 method=org.springframework.util.ConcurrentReferenceHashMap$Segment.restructureIfNecessary(Z)V @ 41

Classes redefined (0 events):
No events

Internal exceptions (10 events):
Event: 9.237 Thread 0x000000000269d800 Exception <a 'java/lang/ClassNotFoundException': org/springframework/data/repository/core/support/RepositoryMethodInvocationListenerCustomizer> (0x00000000d5e99c70) thrown at [C:\re\workspace\8-2-build-windows-amd64-cygwin\jdk8u202\12323\hotspot\src\share
Event: 9.238 Thread 0x000000000269d800 Exception <a 'java/lang/NoSuchMethodError': java.lang.Object.implemented(Ljava/lang/Object;)Lorg/springframework/data/repository/core/support/RepositoryFragment;> (0x00000000d5ea3a28) thrown at [C:\re\workspace\8-2-build-windows-amd64-cygwin\jdk8u202\1232
Event: 9.258 Thread 0x000000000269d800 Exception <a 'java/lang/ClassNotFoundException': java/lang/ObjectCustomizer> (0x00000000d601e048) thrown at [C:\re\workspace\8-2-build-windows-amd64-cygwin\jdk8u202\12323\hotspot\src\share\vm\classfile\systemDictionary.cpp, line 210]
Event: 9.259 Thread 0x000000000269d800 Exception <a 'java/lang/ClassNotFoundException': com/dunnoWhatToEat/snapshot/Entity/RicettaCustomizer> (0x00000000d60397e0) thrown at [C:\re\workspace\8-2-build-windows-amd64-cygwin\jdk8u202\12323\hotspot\src\share\vm\classfile\systemDictionary.cpp, line 
Event: 9.281 Thread 0x000000000269d800 Exception <a 'java/lang/NoSuchMethodError': java.lang.Object.fromNullable(Ljava/lang/Object;)Ljava/util/stream/Stream;> (0x00000000d61d31c0) thrown at [C:\re\workspace\8-2-build-windows-amd64-cygwin\jdk8u202\12323\hotspot\src\share\vm\interpreter\linkReso
Event: 9.302 Thread 0x000000000269d800 Exception <a 'java/lang/ClassNotFoundException': java/lang/ObjectCustomizer> (0x00000000d62a78c0) thrown at [C:\re\workspace\8-2-build-windows-amd64-cygwin\jdk8u202\12323\hotspot\src\share\vm\classfile\systemDictionary.cpp, line 210]
Event: 9.302 Thread 0x000000000269d800 Exception <a 'java/lang/ClassNotFoundException': com/dunnoWhatToEat/snapshot/Entity/IngredienteCustomizer> (0x00000000d62c49c8) thrown at [C:\re\workspace\8-2-build-windows-amd64-cygwin\jdk8u202\12323\hotspot\src\share\vm\classfile\systemDictionary.cpp, l
Event: 9.314 Thread 0x000000000269d800 Exception <a 'java/lang/NoSuchMethodError': java.lang.Object.lambda$direct$0(Lorg/springframework/data/repository/core/support/MethodLookup$InvokedMethod;Ljava/lang/reflect/Method;)Z> (0x00000000d63841a8) thrown at [C:\re\workspace\8-2-build-windows-amd64
Event: 9.315 Thread 0x000000000269d800 Exception <a 'java/lang/NoSuchMethodError': java.lang.Object.lambda$direct$1(Lorg/springframework/data/repository/core/support/MethodLookup$MethodPredicate;)Ljava/util/List;> (0x00000000d63875d8) thrown at [C:\re\workspace\8-2-build-windows-amd64-cygwin\j
Event: 9.317 Thread 0x000000000269d800 Exception <a 'java/lang/NoSuchMethodError': java.lang.Object.lambda$and$0(Lorg/springframework/data/repository/core/support/MethodLookup;)Ljava/util/List;> (0x00000000d63aabf8) thrown at [C:\re\workspace\8-2-build-windows-amd64-cygwin\jdk8u202\12323\hotsp

Events (10 events):
Event: 9.341 loading class javax/persistence/NoResultException done
Event: 9.341 Thread 0x000000000269d800 DEOPT PACKING pc=0x00000000033e4e64 sp=0x00000000027bbd40
Event: 9.341 Thread 0x000000000269d800 DEOPT UNPACKING pc=0x0000000002af7490 sp=0x00000000027bb948 mode 1
Event: 9.344 loading class org/springframework/data/repository/core/support/RepositoryFactorySupport$RepositoryValidator
Event: 9.344 loading class org/springframework/data/repository/core/support/RepositoryFactorySupport$RepositoryValidator done
Event: 9.344 Thread 0x000000000269d800 DEOPT PACKING pc=0x00000000033e4e64 sp=0x00000000027bca90
Event: 9.344 Thread 0x000000000269d800 DEOPT UNPACKING pc=0x0000000002af7490 sp=0x00000000027bc698 mode 1
Event: 9.344 loading class org/springframework/data/repository/core/support/IncompleteRepositoryCompositionException
Event: 9.344 loading class org/springframework/data/repository/core/support/IncompleteRepositoryCompositionException done
Event: 9.344 Thread 0x000000000269d800 DEOPT PACKING pc=0x00000000033e4e64 sp=0x00000000027bbe00


Dynamic libraries:
0x00007ff688cb0000 - 0x00007ff688ce7000 	C:\Program Files\Java\jdk1.8.0_202\bin\java.exe
0x00007ff950950000 - 0x00007ff950b47000 	C:\Windows\SYSTEM32\ntdll.dll
0x00007ff94f890000 - 0x00007ff94f94d000 	C:\Windows\System32\KERNEL32.DLL
0x00007ff94e230000 - 0x00007ff94e4fd000 	C:\Windows\System32\KERNELBASE.dll
0x00007ff94ee80000 - 0x00007ff94ef2e000 	C:\Windows\System32\ADVAPI32.dll
0x00007ff94eb90000 - 0x00007ff94ec2e000 	C:\Windows\System32\msvcrt.dll
0x00007ff94ec50000 - 0x00007ff94ecec000 	C:\Windows\System32\sechost.dll
0x00007ff94fcb0000 - 0x00007ff94fdd5000 	C:\Windows\System32\RPCRT4.dll
0x00007ff950000000 - 0x00007ff9501a0000 	C:\Windows\System32\USER32.dll
0x00007ff94e6a0000 - 0x00007ff94e6c2000 	C:\Windows\System32\win32u.dll
0x00007ff950300000 - 0x00007ff95032a000 	C:\Windows\System32\GDI32.dll
0x00007ff94e500000 - 0x00007ff94e60b000 	C:\Windows\System32\gdi32full.dll
0x00007ff94e190000 - 0x00007ff94e22d000 	C:\Windows\System32\msvcp_win.dll
0x00007ff94e6d0000 - 0x00007ff94e7d0000 	C:\Windows\System32\ucrtbase.dll
0x00007ff9328e0000 - 0x00007ff932b7a000 	C:\Windows\WinSxS\amd64_microsoft.windows.common-controls_6595b64144ccf1df_6.0.19041.1110_none_60b5254171f9507e\COMCTL32.dll
0x00007ff94eda0000 - 0x00007ff94edd0000 	C:\Windows\System32\IMM32.DLL
0x0000000050f90000 - 0x0000000051062000 	C:\Program Files\Java\jdk1.8.0_202\jre\bin\msvcr100.dll
0x00000000506e0000 - 0x0000000050f85000 	C:\Program Files\Java\jdk1.8.0_202\jre\bin\server\jvm.dll
0x00007ff94ec40000 - 0x00007ff94ec48000 	C:\Windows\System32\PSAPI.DLL
0x00007ff93a760000 - 0x00007ff93a769000 	C:\Windows\SYSTEM32\WSOCK32.dll
0x00007ff945050000 - 0x00007ff945077000 	C:\Windows\SYSTEM32\WINMM.dll
0x00007ff94ff90000 - 0x00007ff94fffb000 	C:\Windows\System32\WS2_32.dll
0x00007ff946f90000 - 0x00007ff946f9a000 	C:\Windows\SYSTEM32\VERSION.dll
0x00007ff93d550000 - 0x00007ff93d55f000 	C:\Program Files\Java\jdk1.8.0_202\jre\bin\verify.dll
0x00007ff92e010000 - 0x00007ff92e039000 	C:\Program Files\Java\jdk1.8.0_202\jre\bin\java.dll
0x00007ff923490000 - 0x00007ff9234c5000 	C:\Program Files\Java\jdk1.8.0_202\jre\bin\jdwp.dll
0x00007ff939620000 - 0x00007ff939628000 	C:\Program Files\Java\jdk1.8.0_202\jre\bin\npt.dll
0x00007ff922790000 - 0x00007ff9227b3000 	C:\Program Files\Java\jdk1.8.0_202\jre\bin\instrument.dll
0x00007ff93b8d0000 - 0x00007ff93b8e6000 	C:\Program Files\Java\jdk1.8.0_202\jre\bin\zip.dll
0x00007ff94ef30000 - 0x00007ff94f674000 	C:\Windows\System32\SHELL32.dll
0x00007ff94c190000 - 0x00007ff94c924000 	C:\Windows\SYSTEM32\windows.storage.dll
0x00007ff94f950000 - 0x00007ff94fca4000 	C:\Windows\System32\combase.dll
0x00007ff94dad0000 - 0x00007ff94dafc000 	C:\Windows\SYSTEM32\Wldp.dll
0x00007ff94ecf0000 - 0x00007ff94ed9d000 	C:\Windows\System32\SHCORE.dll
0x00007ff94eb30000 - 0x00007ff94eb85000 	C:\Windows\System32\shlwapi.dll
0x00007ff94dfb0000 - 0x00007ff94dfcf000 	C:\Windows\SYSTEM32\profapi.dll
0x00007ff939610000 - 0x00007ff939619000 	C:\Program Files\Java\jdk1.8.0_202\jre\bin\dt_socket.dll
0x00007ff94d830000 - 0x00007ff94d89a000 	C:\Windows\system32\mswsock.dll
0x00007ff934c90000 - 0x00007ff934c9d000 	C:\Program Files\Java\jdk1.8.0_202\jre\bin\management.dll
0x00007ff933f70000 - 0x00007ff933f8a000 	C:\Program Files\Java\jdk1.8.0_202\jre\bin\net.dll
0x00007ff944640000 - 0x00007ff94482c000 	C:\Windows\SYSTEM32\urlmon.dll
0x00007ff9417d0000 - 0x00007ff941a81000 	C:\Windows\SYSTEM32\iertutil.dll
0x00007ff944610000 - 0x00007ff944638000 	C:\Windows\SYSTEM32\srvcli.dll
0x00007ff94d510000 - 0x00007ff94d51c000 	C:\Windows\SYSTEM32\netutils.dll
0x00007ff93af10000 - 0x00007ff93af27000 	C:\Windows\system32\napinsp.dll
0x00007ff933430000 - 0x00007ff93344b000 	C:\Windows\system32\pnrpnsp.dll
0x00007ff948d80000 - 0x00007ff948d95000 	C:\Windows\system32\wshbth.dll
0x00007ff949c50000 - 0x00007ff949c6d000 	C:\Windows\system32\NLAapi.dll
0x00007ff94d4d0000 - 0x00007ff94d50b000 	C:\Windows\SYSTEM32\IPHLPAPI.DLL
0x00007ff94d520000 - 0x00007ff94d5eb000 	C:\Windows\SYSTEM32\DNSAPI.dll
0x00007ff94ec30000 - 0x00007ff94ec38000 	C:\Windows\System32\NSI.dll
0x00007ff92df50000 - 0x00007ff92df62000 	C:\Windows\System32\winrnr.dll
0x00007ff9440d0000 - 0x00007ff9440da000 	C:\Windows\System32\rasadhlp.dll
0x00007ff9443d0000 - 0x00007ff944450000 	C:\Windows\System32\fwpuclnt.dll
0x00007ff94e980000 - 0x00007ff94e9a7000 	C:\Windows\System32\bcrypt.dll
0x00007ff92e7f0000 - 0x00007ff92e802000 	C:\Program Files\Java\jdk1.8.0_202\jre\bin\nio.dll
0x00007ff94da30000 - 0x00007ff94da48000 	C:\Windows\SYSTEM32\CRYPTSP.dll
0x00007ff94d140000 - 0x00007ff94d174000 	C:\Windows\system32\rsaenh.dll
0x00007ff94df70000 - 0x00007ff94df9e000 	C:\Windows\SYSTEM32\USERENV.dll
0x00007ff94e610000 - 0x00007ff94e692000 	C:\Windows\System32\bcryptprimitives.dll
0x00007ff94da20000 - 0x00007ff94da2c000 	C:\Windows\SYSTEM32\CRYPTBASE.dll
0x00007ff947140000 - 0x00007ff947157000 	C:\Windows\SYSTEM32\dhcpcsvc6.DLL
0x00007ff9472d0000 - 0x00007ff9472ed000 	C:\Windows\SYSTEM32\dhcpcsvc.DLL
0x00007ff92e4f0000 - 0x00007ff92e514000 	C:\Program Files\Java\jdk1.8.0_202\jre\bin\sunec.dll
0x00007ff937b40000 - 0x00007ff937b4b000 	C:\Program Files\Java\jdk1.8.0_202\jre\bin\sunmscapi.dll
0x00007ff94e820000 - 0x00007ff94e976000 	C:\Windows\System32\CRYPT32.dll

VM Arguments:
jvm_args: -agentlib:jdwp=transport=dt_socket,address=127.0.0.1:55793,suspend=y,server=n -javaagent:C:\Users\denkiwi\AppData\Local\JetBrains\IdeaIC2022.1\captureAgent\debugger-agent.jar -Dfile.encoding=UTF-8 
java_command: com.dunnoWhatToEat.snapshot.SnapshotApplication
java_class_path (initial): C:\Program Files\Java\jdk1.8.0_202\jre\lib\charsets.jar;C:\Program Files\Java\jdk1.8.0_202\jre\lib\deploy.jar;C:\Program Files\Java\jdk1.8.0_202\jre\lib\ext\access-bridge-64.jar;C:\Program Files\Java\jdk1.8.0_202\jre\lib\ext\cldrdata.jar;C:\Program Files\Java\jdk1.8.0_202\jre\lib\ext\dnsns.jar;C:\Program Files\Java\jdk1.8.0_202\jre\lib\ext\jaccess.jar;C:\Program Files\Java\jdk1.8.0_202\jre\lib\ext\jfxrt.jar;C:\Program Files\Java\jdk1.8.0_202\jre\lib\ext\localedata.jar;C:\Program Files\Java\jdk1.8.0_202\jre\lib\ext\nashorn.jar;C:\Program Files\Java\jdk1.8.0_202\jre\lib\ext\sunec.jar;C:\Program Files\Java\jdk1.8.0_202\jre\lib\ext\sunjce_provider.jar;C:\Program Files\Java\jdk1.8.0_202\jre\lib\ext\sunmscapi.jar;C:\Program Files\Java\jdk1.8.0_202\jre\lib\ext\sunpkcs11.jar;C:\Program Files\Java\jdk1.8.0_202\jre\lib\ext\zipfs.jar;C:\Program Files\Java\jdk1.8.0_202\jre\lib\javaws.jar;C:\Program Files\Java\jdk1.8.0_202\jre\lib\jce.jar;C:\Program Files\Java\jdk1.8.0_202\jre\lib\jfr.jar;C:\Program Files\Java\jdk1.8.0_202\jre\lib\jfxswt.jar;C:\Program Files\Java\jdk1.8.0_202\jre\lib\jsse.jar;C:\Program Files\Java\jdk1.8.0_202\jre\lib\management-agent.jar;C:\Program Files\Java\jdk1.8.0_202\jre\lib\plugin.jar;C:\Program Files\Java\jdk1.8.0_202\jre\lib\resources.jar;C:\Program Files\Java\jdk1.8.0_202\jre\lib\rt.jar;C:\Users\denkiwi\Desktop\Development\dunnoWhatToEatv2\target\classes;C:\Users\denkiwi\.m2\repository\org\springframework\boot\spring-boot-starter-actuator\2.7.1\spring-boot-starter-actuator-2.7.1.jar;C:\Users\denkiwi\.m2\repository\org\springframework\boot\spring-boot-actuator-autoconfigure\2.7.1\spring-boot-actuator-autoconfigure-2.7.1.jar;C:\Users\denkiwi\.m2\repository\org\springframework\boot\spring-boot-actuator\2.7.1\spring-boot-actuator-2.7.1.jar;C:\Users\denkiwi\.m2\repository\com\fasterxml\jackson\core\jackson-databind\2.13.3\jackson-databind-2.13.3.jar;C:\Users\denkiwi\.m2\repository\com\fasterxml\jackson\core\jackson-core\2.13.3\j
Launcher Type: SUN_STANDARD

Environment Variables:
PATH=C:\Program Files\BraveSoftware\Brave-Browser\Application;C:\Program Files\Common Files\Oracle\Java\javapath;C:\Python310\Scripts\;C:\Python310\;C:\ProgramData\Oracle\Java\javapath;C:\Windows\system32;C:\Windows;C:\Windows\System32\Wbem;C:\Windows\System32\WindowsPowerShell\v1.0\;C:\Windows\System32\OpenSSH\;C:\Program Files\nodejs\;C:\ProgramData\chocolatey\bin;C:\Program Files\TortoiseGit\bin;C:\Program Files\Git\cmd;C:\Program Files\Intel\WiFi\bin\;C:\Program Files\Common Files\Intel\WirelessCommon\;C:\Users\denkiwi\AppData\Local\Microsoft\WindowsApps;;C:\Users\denkiwi\AppData\Local\Programs\Microsoft VS Code\bin;C:\Users\denkiwi\AppData\Roaming\npm;C:\Program Files\Intel\WiFi\bin\;C:\Program Files\Common Files\Intel\WirelessCommon\
USERNAME=denkiwi
OS=Windows_NT
PROCESSOR_IDENTIFIER=AMD64 Family 23 Model 24 Stepping 1, AuthenticAMD



---------------  S Y S T E M  ---------------

OS: Windows 10.0 , 64 bit Build 19041 (10.0.19041.1741)

CPU:total 4 (initial active 4) (4 cores per cpu, 1 threads per core) family 23 model 24 stepping 1, cmov, cx8, fxsr, mmx, sse, sse2, sse3, ssse3, sse4.1, sse4.2, popcnt, avx, avx2, aes, clmul, mmxext, 3dnowpref, lzcnt, sse4a, tsc, tscinvbit, tscinv, bmi1

Memory: 4k page, physical 8311004k(578468k free), swap 22881716k(5588k free)

vm_info: Java HotSpot(TM) 64-Bit Server VM (25.202-b08) for windows-amd64 JRE (1.8.0_202-b08), built on Dec 15 2018 19:54:30 by "java_re" with MS VC++ 10.0 (VS2010)

time: Tue Jun 28 20:34:23 2022
timezone: ora legale Europa occidentale
elapsed time: 9 seconds (0d 0h 0m 9s)

